<!DOCTYPE html PUBLIC "-//W3C//DTD XHTML 1.1//EN" "http://www.w3.org/TR/xhtml11/DTD/xhtml11.dtd">
<html xmlns="http://www.w3.org/1999/xhtml">
<head>
<meta http-equiv="content-type" content="text/html; charset=UTF-8"/>
<title>TestNG Report</title>
<style type="text/css">table {margin-bottom:10px;border-collapse:collapse;empty-cells:show}th,td {border:1px solid #009;padding:.25em .5em}th {vertical-align:bottom}td {vertical-align:top}table a {font-weight:bold}.stripe td {background-color: #E6EBF9}.num {text-align:right}.passedodd td {background-color: #3F3}.passedeven td {background-color: #0A0}.skippedodd td {background-color: #DDD}.skippedeven td {background-color: #CCC}.failedodd td,.attn {background-color: #F33}.failedeven td,.stripe .attn {background-color: #D00}.stacktrace {white-space:pre;font-family:monospace}.totop {font-size:85%;text-align:center;border-bottom:2px solid #000}.invisible {display:none}</style>
</head>
<body>
<table>
<tr><th>Test</th><th># Passed</th><th># Skipped</th><th># Failed</th><th>Time (ms)</th><th>Included Groups</th><th>Excluded Groups</th></tr>
<tr><th colspan="7">Suite</th></tr>
<tr><td><a href="#t0">Submit Order Test</a></td><td class="num">0</td><td class="num attn">3</td><td class="num">0</td><td class="num">595</td><td></td><td></td></tr>
<tr class="stripe"><td><a href="#t1">Error validations Test</a></td><td class="num">0</td><td class="num attn">2</td><td class="num">0</td><td class="num">74</td><td></td><td></td></tr>
<tr><th>Total</th><th class="num">0</th><th class="num attn">5</th><th class="num">0</th><th class="num">669</th><th colspan="2"></th></tr>
</table>
<table id='summary'><thead><tr><th>Class</th><th>Method</th><th>Start</th><th>Time (ms)</th></tr></thead><tbody><tr><th colspan="4">Suite</th></tr></tbody><tbody id="t0"><tr><th colspan="4">Submit Order Test &#8212; failed (configuration methods)</th></tr><tr class="failedeven"><td rowspan="4">HCL_TECH.SeleniumFrameworkDesign.Standalone</td><td><a href="#m0">launchApplication</a></td><td rowspan="2">1686565060245</td><td rowspan="2">38</td></tr><tr class="failedeven"><td><a href="#m1">launchApplication</a></td></tr><tr class="failedeven"><td><a href="#m2">tearDown</a></td><td rowspan="2">1686565060243</td><td rowspan="2">1</td></tr><tr class="failedeven"><td><a href="#m3">tearDown</a></td></tr><tr><th colspan="4">Submit Order Test &#8212; skipped</th></tr><tr class="skippedeven"><td rowspan="3">HCL_TECH.SeleniumFrameworkDesign.Standalone</td><td><a href="#m4">SubmitOrder</a></td><td rowspan="2">1686565060284</td><td rowspan="2">0</td></tr><tr class="skippedeven"><td><a href="#m5">SubmitOrder</a></td></tr><tr class="skippedeven"><td><a href="#m6">orderHistory</a></td><td rowspan="1">1686565060299</td><td rowspan="1">0</td></tr></tbody>
<tbody id="t1"><tr><th colspan="4">Error validations Test &#8212; failed (configuration methods)</th></tr><tr class="failedeven"><td rowspan="4">HCL_TECH.SeleniumFrameworkDesign.ErrorValidation</td><td><a href="#m7">launchApplication</a></td><td rowspan="2">1686565060661</td><td rowspan="2">34</td></tr><tr class="failedeven"><td><a href="#m8">launchApplication</a></td></tr><tr class="failedeven"><td><a href="#m9">tearDown</a></td><td rowspan="2">1686565060697</td><td rowspan="2">0</td></tr><tr class="failedeven"><td><a href="#m10">tearDown</a></td></tr><tr><th colspan="4">Error validations Test &#8212; skipped</th></tr><tr class="skippedeven"><td rowspan="2">HCL_TECH.SeleniumFrameworkDesign.ErrorValidation</td><td><a href="#m11">LoginError</a></td><td rowspan="1">1686565060696</td><td rowspan="1">0</td></tr><tr class="skippedeven"><td><a href="#m12">productError</a></td><td rowspan="1">1686565060734</td><td rowspan="1">0</td></tr></tbody>
</table>
<h2>Submit Order Test</h2><h3 id="m0">HCL_TECH.SeleniumFrameworkDesign.Standalone#launchApplication</h3><table class="result"><tr><th>Exception</th></tr><tr><td><div class="stacktrace">java.lang.NullPointerException: Cannot invoke &quot;org.openqa.selenium.WebDriver.manage()&quot; because &quot;this.driver&quot; is null
	at BaseClassTestComponents.BaseTest.initializeDriver(BaseTest.java:58)
	at BaseClassTestComponents.BaseTest.launchApplication(BaseTest.java:99)
... Removed 32 stack frames</div></td></tr></table><p class="totop"><a href="#summary">back to summary</a></p>
<h3 id="m1">HCL_TECH.SeleniumFrameworkDesign.Standalone#launchApplication</h3><table class="result"><tr><th>Exception</th></tr><tr><td><div class="stacktrace">java.lang.NullPointerException: Cannot invoke &quot;org.openqa.selenium.WebDriver.manage()&quot; because &quot;this.driver&quot; is null
	at BaseClassTestComponents.BaseTest.initializeDriver(BaseTest.java:58)
	at BaseClassTestComponents.BaseTest.launchApplication(BaseTest.java:99)
... Removed 32 stack frames</div></td></tr></table><p class="totop"><a href="#summary">back to summary</a></p>
<h3 id="m2">HCL_TECH.SeleniumFrameworkDesign.Standalone#tearDown</h3><table class="result"><tr><th>Exception</th></tr><tr><td><div class="stacktrace">java.lang.NullPointerException: Cannot invoke &quot;org.openqa.selenium.WebDriver.close()&quot; because &quot;this.driver&quot; is null
	at BaseClassTestComponents.BaseTest.tearDown(BaseTest.java:109)
... Removed 32 stack frames</div></td></tr></table><p class="totop"><a href="#summary">back to summary</a></p>
<h3 id="m3">HCL_TECH.SeleniumFrameworkDesign.Standalone#tearDown</h3><table class="result"><tr><th>Exception</th></tr><tr><td><div class="stacktrace">java.lang.NullPointerException: Cannot invoke &quot;org.openqa.selenium.WebDriver.close()&quot; because &quot;this.driver&quot; is null
	at BaseClassTestComponents.BaseTest.tearDown(BaseTest.java:109)
... Removed 32 stack frames</div></td></tr></table><p class="totop"><a href="#summary">back to summary</a></p>
<h3 id="m4">HCL_TECH.SeleniumFrameworkDesign.Standalone#SubmitOrder</h3><table class="result"><tr><th>Exception</th></tr><tr><td><div class="stacktrace">java.lang.NullPointerException: Cannot invoke &quot;org.openqa.selenium.WebDriver.close()&quot; because &quot;this.driver&quot; is null
	at BaseClassTestComponents.BaseTest.tearDown(BaseTest.java:109)
... Removed 32 stack frames</div></td></tr></table><p class="totop"><a href="#summary">back to summary</a></p>
<h3 id="m5">HCL_TECH.SeleniumFrameworkDesign.Standalone#SubmitOrder</h3><table class="result"><tr><th>Exception</th></tr><tr><td><div class="stacktrace">java.lang.NullPointerException: Cannot invoke &quot;org.openqa.selenium.WebDriver.manage()&quot; because &quot;this.driver&quot; is null
	at BaseClassTestComponents.BaseTest.initializeDriver(BaseTest.java:58)
	at BaseClassTestComponents.BaseTest.launchApplication(BaseTest.java:99)
... Removed 32 stack frames</div></td></tr></table><p class="totop"><a href="#summary">back to summary</a></p>
<h3 id="m6">HCL_TECH.SeleniumFrameworkDesign.Standalone#orderHistory</h3><table class="result"><tr><th>Exception</th></tr><tr><td><div class="stacktrace">java.lang.Throwable: Method Standalone.orderHistory()[pri:0, instance:HCL_TECH.SeleniumFrameworkDesign.Standalone@531f4093] depends on not successfully finished methods
... Removed 22 stack frames</div></td></tr></table><p class="totop"><a href="#summary">back to summary</a></p>
<h2>Error validations Test</h2><h3 id="m7">HCL_TECH.SeleniumFrameworkDesign.ErrorValidation#launchApplication</h3><table class="result"><tr><th>Exception</th></tr><tr><td><div class="stacktrace">java.lang.NullPointerException: Cannot invoke &quot;org.openqa.selenium.WebDriver.manage()&quot; because &quot;this.driver&quot; is null
	at BaseClassTestComponents.BaseTest.initializeDriver(BaseTest.java:58)
	at BaseClassTestComponents.BaseTest.launchApplication(BaseTest.java:99)
... Removed 32 stack frames</div></td></tr></table><p class="totop"><a href="#summary">back to summary</a></p>
<h3 id="m8">HCL_TECH.SeleniumFrameworkDesign.ErrorValidation#launchApplication</h3><table class="result"><tr><th>Exception</th></tr><tr><td><div class="stacktrace">java.lang.NullPointerException: Cannot invoke &quot;org.openqa.selenium.WebDriver.manage()&quot; because &quot;this.driver&quot; is null
	at BaseClassTestComponents.BaseTest.initializeDriver(BaseTest.java:58)
	at BaseClassTestComponents.BaseTest.launchApplication(BaseTest.java:99)
... Removed 32 stack frames</div></td></tr></table><p class="totop"><a href="#summary">back to summary</a></p>
<h3 id="m9">HCL_TECH.SeleniumFrameworkDesign.ErrorValidation#tearDown</h3><table class="result"><tr><th>Exception</th></tr><tr><td><div class="stacktrace">java.lang.NullPointerException: Cannot invoke &quot;org.openqa.selenium.WebDriver.close()&quot; because &quot;this.driver&quot; is null
	at BaseClassTestComponents.BaseTest.tearDown(BaseTest.java:109)
... Removed 32 stack frames</div></td></tr></table><p class="totop"><a href="#summary">back to summary</a></p>
<h3 id="m10">HCL_TECH.SeleniumFrameworkDesign.ErrorValidation#tearDown</h3><table class="result"><tr><th>Exception</th></tr><tr><td><div class="stacktrace">java.lang.NullPointerException: Cannot invoke &quot;org.openqa.selenium.WebDriver.close()&quot; because &quot;this.driver&quot; is null
	at BaseClassTestComponents.BaseTest.tearDown(BaseTest.java:109)
... Removed 32 stack frames</div></td></tr></table><p class="totop"><a href="#summary">back to summary</a></p>
<h3 id="m11">HCL_TECH.SeleniumFrameworkDesign.ErrorValidation#LoginError</h3><table class="result"><tr><th>Exception</th></tr><tr><td><div class="stacktrace">java.lang.NullPointerException: Cannot invoke &quot;org.openqa.selenium.WebDriver.manage()&quot; because &quot;this.driver&quot; is null
	at BaseClassTestComponents.BaseTest.initializeDriver(BaseTest.java:58)
	at BaseClassTestComponents.BaseTest.launchApplication(BaseTest.java:99)
... Removed 32 stack frames</div></td></tr></table><p class="totop"><a href="#summary">back to summary</a></p>
<h3 id="m12">HCL_TECH.SeleniumFrameworkDesign.ErrorValidation#productError</h3><table class="result"><tr><th>Exception</th></tr><tr><td><div class="stacktrace">java.lang.NullPointerException: Cannot invoke &quot;org.openqa.selenium.WebDriver.manage()&quot; because &quot;this.driver&quot; is null
	at BaseClassTestComponents.BaseTest.initializeDriver(BaseTest.java:58)
	at BaseClassTestComponents.BaseTest.launchApplication(BaseTest.java:99)
... Removed 32 stack frames</div></td></tr></table><p class="totop"><a href="#summary">back to summary</a></p>
</body>
</html>
